Z:\C言語\SYOUGI2\SYOUGI2\DEBUG\BOARDPRINT.OBJ
Z:\C言語\SYOUGI2\SYOUGI2\DEBUG\CHECKOFINPUT.OBJ
Z:\C言語\SYOUGI2\SYOUGI2\DEBUG\CHECKOFJUMP_OVER.OBJ
Z:\C言語\SYOUGI2\SYOUGI2\DEBUG\CHECKOFKOMA.OBJ
Z:\C言語\SYOUGI2\SYOUGI2\DEBUG\CHECKOFKOMA_SCOPE.OBJ
Z:\C言語\SYOUGI2\SYOUGI2\DEBUG\GAMEINIT.OBJ
Z:\C言語\SYOUGI2\SYOUGI2\DEBUG\INPUT.OBJ
Z:\C言語\SYOUGI2\SYOUGI2\DEBUG\VC110.PDB
Z:\C言語\SYOUGI2\SYOUGI2\DEBUG\MAIN.OBJ
Z:\C言語\SYOUGI2\SYOUGI2\DEBUG\CHECKOFAREA.OBJ
Z:\C言語\SYOUGI2\SYOUGI2\DEBUG\PSITION_KOMA.OBJ
Z:\C言語\SYOUGI2\SYOUGI2\DEBUG\CHANGE_PLAYER.OBJ
Z:\C言語\SYOUGI2\SYOUGI2\DEBUG\CHECKOFEND.OBJ
Z:\C言語\SYOUGI2\SYOUGI2\DEBUG\POSITION_KOMA.OBJ
Z:\C言語\SYOUGI2\SYOUGI2\DEBUG\CHECKOFTEGOMA.OBJ
Z:\C言語\SYOUGI2\SYOUGI2\DEBUG\SYOUGI2.ILK
Z:\C言語\SYOUGI2\SYOUGI2\DEBUG\SYOUGI2.EXE
Z:\C言語\SYOUGI2\SYOUGI2\DEBUG\SYOUGI2.PDB
Z:\C言語\syougi2\syougi2\Debug\BoardPrint.obj
Z:\C言語\syougi2\syougi2\Debug\Change_Player.obj
Z:\C言語\syougi2\syougi2\Debug\CheckOfArea.obj
Z:\C言語\syougi2\syougi2\Debug\CheckOfEnd.obj
Z:\C言語\syougi2\syougi2\Debug\CheckOfInput.obj
Z:\C言語\syougi2\syougi2\Debug\CheckOfJump_over.obj
Z:\C言語\syougi2\syougi2\Debug\CheckOfKoma.obj
Z:\C言語\syougi2\syougi2\Debug\CheckOfKoma_scope.obj
Z:\C言語\syougi2\syougi2\Debug\CheckOfTegoma.obj
Z:\C言語\syougi2\syougi2\Debug\GameInit.obj
Z:\C言語\syougi2\syougi2\Debug\Input.obj
Z:\C言語\syougi2\syougi2\Debug\main.obj
Z:\C言語\syougi2\syougi2\Debug\Position_koma.obj
Z:\C言語\syougi2\syougi2\Debug\Psition_koma.obj
Z:\C言語\syougi2\syougi2\Debug\cl.command.1.tlog
Z:\C言語\syougi2\syougi2\Debug\CL.read.1.tlog
Z:\C言語\syougi2\syougi2\Debug\CL.write.1.tlog
Z:\C言語\syougi2\syougi2\Debug\link-cvtres.read.1.tlog
Z:\C言語\syougi2\syougi2\Debug\link-cvtres.write.1.tlog
Z:\C言語\syougi2\syougi2\Debug\link-rc.read.1.tlog
Z:\C言語\syougi2\syougi2\Debug\link-rc.write.1.tlog
Z:\C言語\syougi2\syougi2\Debug\link.1044-cvtres.read.1.tlog
Z:\C言語\syougi2\syougi2\Debug\link.1044-cvtres.write.1.tlog
Z:\C言語\syougi2\syougi2\Debug\link.1044-rc.read.1.tlog
Z:\C言語\syougi2\syougi2\Debug\link.1044-rc.write.1.tlog
Z:\C言語\syougi2\syougi2\Debug\link.1044.read.1.tlog
Z:\C言語\syougi2\syougi2\Debug\link.1044.write.1.tlog
Z:\C言語\syougi2\syougi2\Debug\link.2312-cvtres.read.1.tlog
Z:\C言語\syougi2\syougi2\Debug\link.2312-cvtres.write.1.tlog
Z:\C言語\syougi2\syougi2\Debug\link.2312-rc.read.1.tlog
Z:\C言語\syougi2\syougi2\Debug\link.2312-rc.write.1.tlog
Z:\C言語\syougi2\syougi2\Debug\link.2312.read.1.tlog
Z:\C言語\syougi2\syougi2\Debug\link.2312.write.1.tlog
Z:\C言語\syougi2\syougi2\Debug\link.376-cvtres.read.1.tlog
Z:\C言語\syougi2\syougi2\Debug\link.376-cvtres.write.1.tlog
Z:\C言語\syougi2\syougi2\Debug\link.376-rc.read.1.tlog
Z:\C言語\syougi2\syougi2\Debug\link.376-rc.write.1.tlog
Z:\C言語\syougi2\syougi2\Debug\link.376.read.1.tlog
Z:\C言語\syougi2\syougi2\Debug\link.376.write.1.tlog
Z:\C言語\syougi2\syougi2\Debug\link.5260-cvtres.read.1.tlog
Z:\C言語\syougi2\syougi2\Debug\link.5260-cvtres.write.1.tlog
Z:\C言語\syougi2\syougi2\Debug\link.5260-rc.read.1.tlog
Z:\C言語\syougi2\syougi2\Debug\link.5260-rc.write.1.tlog
Z:\C言語\syougi2\syougi2\Debug\link.5260.read.1.tlog
Z:\C言語\syougi2\syougi2\Debug\link.5260.write.1.tlog
Z:\C言語\syougi2\syougi2\Debug\link.5400-cvtres.read.1.tlog
Z:\C言語\syougi2\syougi2\Debug\link.5400-cvtres.write.1.tlog
Z:\C言語\syougi2\syougi2\Debug\link.5400-rc.read.1.tlog
Z:\C言語\syougi2\syougi2\Debug\link.5400-rc.write.1.tlog
Z:\C言語\syougi2\syougi2\Debug\link.5400.read.1.tlog
Z:\C言語\syougi2\syougi2\Debug\link.5400.write.1.tlog
Z:\C言語\syougi2\syougi2\Debug\link.5920-cvtres.read.1.tlog
Z:\C言語\syougi2\syougi2\Debug\link.5920-cvtres.write.1.tlog
Z:\C言語\syougi2\syougi2\Debug\link.5920-rc.read.1.tlog
Z:\C言語\syougi2\syougi2\Debug\link.5920-rc.write.1.tlog
Z:\C言語\syougi2\syougi2\Debug\link.5920.read.1.tlog
Z:\C言語\syougi2\syougi2\Debug\link.5920.write.1.tlog
Z:\C言語\syougi2\syougi2\Debug\link.5976-cvtres.read.1.tlog
Z:\C言語\syougi2\syougi2\Debug\link.5976-cvtres.write.1.tlog
Z:\C言語\syougi2\syougi2\Debug\link.5976-rc.read.1.tlog
Z:\C言語\syougi2\syougi2\Debug\link.5976-rc.write.1.tlog
Z:\C言語\syougi2\syougi2\Debug\link.5976.read.1.tlog
Z:\C言語\syougi2\syougi2\Debug\link.5976.write.1.tlog
Z:\C言語\syougi2\syougi2\Debug\link.6128-cvtres.read.1.tlog
Z:\C言語\syougi2\syougi2\Debug\link.6128-cvtres.write.1.tlog
Z:\C言語\syougi2\syougi2\Debug\link.6128-rc.read.1.tlog
Z:\C言語\syougi2\syougi2\Debug\link.6128-rc.write.1.tlog
Z:\C言語\syougi2\syougi2\Debug\link.6128.read.1.tlog
Z:\C言語\syougi2\syougi2\Debug\link.6128.write.1.tlog
Z:\C言語\syougi2\syougi2\Debug\link.6916-cvtres.read.1.tlog
Z:\C言語\syougi2\syougi2\Debug\link.6916-cvtres.write.1.tlog
Z:\C言語\syougi2\syougi2\Debug\link.6916-rc.read.1.tlog
Z:\C言語\syougi2\syougi2\Debug\link.6916-rc.write.1.tlog
Z:\C言語\syougi2\syougi2\Debug\link.6916.read.1.tlog
Z:\C言語\syougi2\syougi2\Debug\link.6916.write.1.tlog
Z:\C言語\syougi2\syougi2\Debug\link.command.1.tlog
Z:\C言語\syougi2\syougi2\Debug\link.read.1.tlog
Z:\C言語\syougi2\syougi2\Debug\link.write.1.tlog
Z:\C言語\syougi2\syougi2\Debug\vc110.idb
Z:\C言語\syougi2\syougi2\Debug\vc141.idb
Z:\C言語\syougi2\syougi2\Debug\syougi2.pdb
Z:\C言語\syougi2\syougi2\Debug\vc110.pdb
Z:\C言語\syougi2\syougi2\Debug\vc141.pdb
