2018/01/25 13:30:08 にビルドを開始しました。
     1>ノード 2 上のプロジェクト "Z:\C言語\syougi2\syougi2\syougi2.vcxproj" (Build ターゲット)。
     1>ClCompile:
         C:\Program Files (x86)\Microsoft Visual Studio 11.0\VC\bin\CL.exe /c /ZI /nologo /W3 /WX- /Od /Oy- /D WIN32 /D _DEBUG /D _CONSOLE /D _UNICODE /D UNICODE /Gm /EHsc /RTC1 /MDd /GS /fp:precise /Zc:wchar_t /Zc:forScope /Fo"Debug\\" /Fd"Debug\vc110.pdb" /Gd /TC /wd4996 /analyze- /errorReport:prompt CheckOfTegoma.c
         CheckOfTegoma.c
     1>z:\c言語\syougi2\syougi2\checkoftegoma.c(12): warning C4101: 'j' : ローカル変数は 1 度も使われていません。
       Link:
         C:\Program Files (x86)\Microsoft Visual Studio 11.0\VC\bin\link.exe /ERRORREPORT:PROMPT /OUT:"Z:\C言語\syougi2\syougi2\Debug\syougi2.exe" /INCREMENTAL /NOLOGO kernel32.lib user32.lib gdi32.lib winspool.lib comdlg32.lib advapi32.lib shell32.lib ole32.lib oleaut32.lib uuid.lib odbc32.lib odbccp32.lib /MANIFEST /MANIFESTUAC:"level='asInvoker' uiAccess='false'" /manifest:embed /DEBUG /PDB:"Z:\C言語\syougi2\syougi2\Debug\syougi2.pdb" /SUBSYSTEM:CONSOLE /TLBID:1 /DYNAMICBASE /NXCOMPAT /IMPLIB:"Z:\C言語\syougi2\syougi2\Debug\syougi2.lib" /MACHINE:X86 Debug\BoardPrint.obj
         Debug\Change_Player.obj
         Debug\CheckOfArea.obj
         Debug\CheckOfEnd.obj
         Debug\CheckOfInput.obj
         Debug\CheckOfJump_over.obj
         Debug\CheckOfKoma.obj
         Debug\CheckOfKoma_scope.obj
         Debug\CheckOfTegoma.obj
         Debug\GameInit.obj
         Debug\Input.obj
         Debug\main.obj
         Debug\Position_koma.obj
         syougi2.vcxproj -> Z:\C言語\syougi2\syougi2\Debug\syougi2.exe
     1>プロジェクト "Z:\C言語\syougi2\syougi2\syougi2.vcxproj" (Build ターゲット) のビルドが完了しました。

ビルドに成功しました。

経過時間 00:00:01.27
